<?xml version="1.0" encoding="UTF-8"?>
<testng-results ignored="0" total="2" passed="1" failed="1" skipped="0">
  <reporter-output>
  </reporter-output>
  <suite started-at="2024-04-10T16:09:08 IST" name="AmazonShopping" finished-at="2024-04-10T16:10:37 IST" duration-ms="88851">
    <groups>
    </groups>
    <test started-at="2024-04-10T16:09:08 IST" name="FullTest" finished-at="2024-04-10T16:10:36 IST" duration-ms="88239">
      <class name="Ecommerce.MyntraShopping">
        <test-method is-config="true" signature="lounchApp()[pri:0, instance:Ecommerce.MyntraShopping@40a4337a]" started-at="2024-04-10T16:09:08 IST" name="lounchApp" finished-at="2024-04-10T16:09:15 IST" duration-ms="6916" status="PASS">
          <reporter-output>
          </reporter-output>
        </test-method> <!-- lounchApp -->
        <test-method signature="MyntraShoppingTestCase()[pri:0, instance:Ecommerce.MyntraShopping@40a4337a]" started-at="2024-04-10T16:09:15 IST" name="MyntraShoppingTestCase" finished-at="2024-04-10T16:10:36 IST" duration-ms="81214" status="PASS">
          <reporter-output>
          </reporter-output>
        </test-method> <!-- MyntraShoppingTestCase -->
      </class> <!-- Ecommerce.MyntraShopping -->
    </test> <!-- FullTest -->
    <test started-at="2024-04-10T16:09:08 IST" name="ErrorMethod" finished-at="2024-04-10T16:10:37 IST" duration-ms="88851">
      <class name="Ecommerce.ErrorCheck">
        <test-method is-config="true" signature="lounchApp()[pri:0, instance:Ecommerce.ErrorCheck@6f1de4c7]" started-at="2024-04-10T16:09:08 IST" name="lounchApp" finished-at="2024-04-10T16:09:26 IST" duration-ms="17976" status="PASS">
          <reporter-output>
          </reporter-output>
        </test-method> <!-- lounchApp -->
        <test-method signature="ErrorCheckd()[pri:0, instance:Ecommerce.ErrorCheck@6f1de4c7]" started-at="2024-04-10T16:09:26 IST" name="ErrorCheckd" finished-at="2024-04-10T16:10:37 IST" duration-ms="70855" status="FAIL">
          <exception class="java.lang.IllegalArgumentException">
            <message>
              <![CDATA[Error]]>
            </message>
            <full-stacktrace>
              <![CDATA[java.lang.IllegalArgumentException: Error
at dev.failsafe.internal.util.Assert.isTrue(Assert.java:29)
at Ecommerce.ErrorCheck.ErrorCheckd(ErrorCheck.java:51)
at java.base/jdk.internal.reflect.DirectMethodHandleAccessor.invoke(DirectMethodHandleAccessor.java:103)
at java.base/java.lang.reflect.Method.invoke(Method.java:580)
at org.testng.internal.MethodInvocationHelper.invokeMethod(MethodInvocationHelper.java:133)
at org.testng.internal.TestInvoker.invokeMethod(TestInvoker.java:598)
at org.testng.internal.TestInvoker.invokeTestMethod(TestInvoker.java:173)
at org.testng.internal.MethodRunner.runInSequence(MethodRunner.java:46)
at org.testng.internal.TestInvoker$MethodInvocationAgent.invoke(TestInvoker.java:824)
at org.testng.internal.TestInvoker.invokeTestMethods(TestInvoker.java:146)
at org.testng.internal.TestMethodWorker.invokeTestMethods(TestMethodWorker.java:146)
at org.testng.internal.TestMethodWorker.run(TestMethodWorker.java:128)
at java.base/java.util.ArrayList.forEach(ArrayList.java:1596)
at org.testng.TestRunner.privateRun(TestRunner.java:794)
at org.testng.TestRunner.run(TestRunner.java:596)
at org.testng.SuiteRunner.runTest(SuiteRunner.java:377)
at org.testng.SuiteRunner.access$000(SuiteRunner.java:28)
at org.testng.SuiteRunner$SuiteWorker.run(SuiteRunner.java:418)
at org.testng.internal.thread.ThreadUtil.lambda$execute$0(ThreadUtil.java:64)
at java.base/java.util.concurrent.FutureTask.run(FutureTask.java:317)
at java.base/java.util.concurrent.ThreadPoolExecutor.runWorker(ThreadPoolExecutor.java:1144)
at java.base/java.util.concurrent.ThreadPoolExecutor$Worker.run(ThreadPoolExecutor.java:642)
at java.base/java.lang.Thread.run(Thread.java:1583)
]]>
            </full-stacktrace>
          </exception> <!-- java.lang.IllegalArgumentException -->
          <reporter-output>
          </reporter-output>
        </test-method> <!-- ErrorCheckd -->
      </class> <!-- Ecommerce.ErrorCheck -->
    </test> <!-- ErrorMethod -->
  </suite> <!-- AmazonShopping -->
</testng-results>
