<?xml version="1.0" encoding="UTF-8"?>
<!-- Generated by org.testng.reporters.JUnitXMLReporter -->
<testsuite ignored="1" hostname="DESKTOP-1MEML7A" failures="1" tests="2" name="Test" time="93.218" errors="0" timestamp="2024-04-09T15:43:04 IST">
  <testcase classname="Ecommerce.ErrorCheck" name="ErrorCheckd" time="42.985">
    <failure type="java.lang.IllegalArgumentException" message="Error">
      <![CDATA[java.lang.IllegalArgumentException: Error
at dev.failsafe.internal.util.Assert.isTrue(Assert.java:29)
at Ecommerce.ErrorCheck.ErrorCheckd(ErrorCheck.java:51)
at java.base/java.util.ArrayList.forEach(ArrayList.java:1596)
... Removed 25 stack frames]]>
    </failure>
  </testcase> <!-- ErrorCheckd -->
  <testcase classname="Ecommerce.MyntraShopping" name="MyntraShoppingTestCase" time="36.95"/>
  <testcase classname="BaseTest.BaseTest" name="@BeforeTest lounchApp" time="0.0">
    <ignored/>
  </testcase> <!-- @BeforeTest lounchApp -->
</testsuite> <!-- Test -->
